2025-01-20 12:25:15,154 - INFO - Processing club 225
2025-01-20 12:25:15,682 - INFO - Successfully processed eventattendance_club225_20250120.csv
2025-01-20 12:25:16,061 - INFO - Successfully processed clubpayments_club225_20250120.csv
2025-01-20 12:25:16,377 - INFO - Successfully processed leadersattendees_club225_20250120.csv
2025-01-20 12:25:16,817 - INFO - Successfully processed assocclubusage_club225_20250120.csv
2025-01-20 12:25:17,174 - INFO - Successfully processed clubcomments_club225_20250120.csv
2025-01-20 12:25:17,609 - INFO - Successfully processed peopleinfo_club225_20250120.csv
2025-01-20 12:25:17,946 - INFO - Successfully processed gdproptin_club225_20250120.csv
2025-01-20 12:25:18,270 - INFO - Successfully processed followersummary_club225_20250120.csv
2025-01-20 12:25:18,570 - INFO - Successfully processed peoplepasses_club225_20250120.csv
2025-01-20 12:25:18,570 - INFO - Processing club 227

2025-01-20 12:25:18,825 - INFO - Successfully processed eventattendance_club227_20250120.csv
2025-01-20 12:25:19,148 - INFO - Successfully processed clubpayments_club227_20250120.csv
2025-01-20 12:25:19,424 - INFO - Successfully processed leadersattendees_club227_20250120.csv
2025-01-20 12:25:19,700 - INFO - Successfully processed assocclubusage_club227_20250120.csv
2025-01-20 12:25:20,174 - INFO - Successfully processed clubcomments_club227_20250120.csv
2025-01-20 12:25:20,509 - INFO - Successfully processed peopleinfo_club227_20250120.csv
2025-01-20 12:25:20,896 - INFO - Successfully processed gdproptin_club227_20250120.csv
2025-01-20 12:25:21,254 - INFO - Successfully processed followersummary_club227_20250120.csv
2025-01-20 12:25:21,508 - INFO - Successfully processed peoplepasses_club227_20250120.csv
2025-01-20 12:25:21,509 - INFO - Pipeline completed successfully
