2025-01-20 12:25:03,201 - INFO - Processing club 225
2025-01-20 12:25:03,768 - INFO - Successfully processed eventattendance_club225_20250120.csv
2025-01-20 12:25:04,012 - INFO - Successfully processed clubpayments_club225_20250120.csv
2025-01-20 12:25:04,243 - INFO - Successfully processed leadersattendees_club225_20250120.csv
2025-01-20 12:25:04,569 - INFO - Successfully processed assocclubusage_club225_20250120.csv
2025-01-20 12:25:04,891 - INFO - Successfully processed clubcomments_club225_20250120.csv
2025-01-20 12:25:05,336 - INFO - Successfully processed peopleinfo_club225_20250120.csv
2025-01-20 12:25:05,660 - INFO - Successfully processed gdproptin_club225_20250120.csv
2025-01-20 12:25:06,045 - INFO - Successfully processed followersummary_club225_20250120.csv
2025-01-20 12:25:06,456 - INFO - Successfully processed peoplepasses_club225_20250120.csv
2025-01-20 12:25:06,457 - INFO - Processing club 227

2025-01-20 12:25:06,794 - INFO - Successfully processed eventattendance_club227_20250120.csv
2025-01-20 12:25:07,101 - INFO - Successfully processed clubpayments_club227_20250120.csv
2025-01-20 12:25:07,466 - INFO - Successfully processed leadersattendees_club227_20250120.csv
2025-01-20 12:25:07,780 - INFO - Successfully processed assocclubusage_club227_20250120.csv
2025-01-20 12:25:08,238 - INFO - Successfully processed clubcomments_club227_20250120.csv
2025-01-20 12:25:08,636 - INFO - Successfully processed peopleinfo_club227_20250120.csv
2025-01-20 12:25:08,901 - INFO - Successfully processed gdproptin_club227_20250120.csv
2025-01-20 12:25:09,169 - INFO - Successfully processed followersummary_club227_20250120.csv
2025-01-20 12:25:09,446 - INFO - Successfully processed peoplepasses_club227_20250120.csv
2025-01-20 12:25:09,447 - INFO - Pipeline completed successfully
